1588788779450	mozrunner::runner	INFO	Running command: "/usr/bin/firefox" "-marionette" "-foreground" "-no-remote" "-profile" "/tmp/rust_mozprofileh65S1b"
1588788779714	addons.xpi	WARN	Can't get modified time of /usr/lib64/firefox/browser/features/aushelper@mozilla.org.xpi
1588788779754	addons.xpi-utils	WARN	addMetadata: Add-on aushelper@mozilla.org is invalid: [Exception... "Component returned failure code: 0x80520006 (NS_ERROR_FILE_TARGET_DOES_NOT_EXIST) [nsIFile.isFile]"  nsresult: "0x80520006 (NS_ERROR_FILE_TARGET_DOES_NOT_EXIST)"  location: "JS frame :: resource://gre/modules/addons/XPIInstall.jsm :: get :: line 227"  data: no] Stack trace: get()@resource://gre/modules/addons/XPIInstall.jsm:227
loadManifestFromFile()@resource://gre/modules/addons/XPIInstall.jsm:856
syncLoadManifestFromFile()@resource://gre/modules/addons/XPIInstall.jsm:870
addMetadata()@resource://gre/modules/addons/XPIDatabase.jsm:2395
processFileChanges()@resource://gre/modules/addons/XPIDatabase.jsm:2736
checkForChanges()@resource://gre/modules/addons/XPIProvider.jsm:2556
startup()@resource://gre/modules/addons/XPIProvider.jsm:2134
callProvider()@resource://gre/modules/AddonManager.jsm:206
_startProvider()@resource://gre/modules/AddonManager.jsm:654
startup()@resource://gre/modules/AddonManager.jsm:807
startup()@resource://gre/modules/AddonManager.jsm:2802
observe()@jar:file:///usr/lib64/firefox/omni.ja!/components/addonManager.js:66
1588788779755	addons.xpi-utils	WARN	Could not uninstall invalid item from locked install location
1588788781156	addons.xpi	WARN	Can't get modified time of /usr/lib64/firefox/browser/features/aushelper@mozilla.org.xpi
1588788781393	Marionette	INFO	Listening on port 39355
1588788781466	Marionette	WARN	TLS certificate errors will be ignored for this session

(/usr/lib64/firefox/firefox:24656): dconf-WARNING **: Unable to open /var/lib/flatpak/exports/share/dconf/profile/user: Permission denied
1588788789932	Marionette	INFO	Stopped listening on port 39355
[Parent 24508, Gecko_IOThread] WARNING: pipe error (82): Connection reset by peer: file /builddir/build/BUILD/firefox-63.0.3/ipc/chromium/src/chrome/common/ipc_channel_posix.cc, line 356
[Parent 24508, Gecko_IOThread] WARNING: pipe error (79): Connection reset by peer: file /builddir/build/BUILD/firefox-63.0.3/ipc/chromium/src/chrome/common/ipc_channel_posix.cc, line 356
1588788816101	mozrunner::runner	INFO	Running command: "/usr/bin/firefox" "-marionette" "-foreground" "-no-remote" "-profile" "/tmp/rust_mozprofile7iw6IZ"
1588788816362	addons.xpi	WARN	Can't get modified time of /usr/lib64/firefox/browser/features/aushelper@mozilla.org.xpi
1588788816401	addons.xpi-utils	WARN	addMetadata: Add-on aushelper@mozilla.org is invalid: [Exception... "Component returned failure code: 0x80520006 (NS_ERROR_FILE_TARGET_DOES_NOT_EXIST) [nsIFile.isFile]"  nsresult: "0x80520006 (NS_ERROR_FILE_TARGET_DOES_NOT_EXIST)"  location: "JS frame :: resource://gre/modules/addons/XPIInstall.jsm :: get :: line 227"  data: no] Stack trace: get()@resource://gre/modules/addons/XPIInstall.jsm:227
loadManifestFromFile()@resource://gre/modules/addons/XPIInstall.jsm:856
syncLoadManifestFromFile()@resource://gre/modules/addons/XPIInstall.jsm:870
addMetadata()@resource://gre/modules/addons/XPIDatabase.jsm:2395
processFileChanges()@resource://gre/modules/addons/XPIDatabase.jsm:2736
checkForChanges()@resource://gre/modules/addons/XPIProvider.jsm:2556
startup()@resource://gre/modules/addons/XPIProvider.jsm:2134
callProvider()@resource://gre/modules/AddonManager.jsm:206
_startProvider()@resource://gre/modules/AddonManager.jsm:654
startup()@resource://gre/modules/AddonManager.jsm:807
startup()@resource://gre/modules/AddonManager.jsm:2802
observe()@jar:file:///usr/lib64/firefox/omni.ja!/components/addonManager.js:66
1588788816402	addons.xpi-utils	WARN	Could not uninstall invalid item from locked install location
1588788817792	addons.xpi	WARN	Can't get modified time of /usr/lib64/firefox/browser/features/aushelper@mozilla.org.xpi
1588788818016	Marionette	INFO	Listening on port 33335
1588788818113	Marionette	WARN	TLS certificate errors will be ignored for this session

(/usr/lib64/firefox/firefox:24969): dconf-WARNING **: Unable to open /var/lib/flatpak/exports/share/dconf/profile/user: Permission denied
1588788846146	Marionette	INFO	Stopped listening on port 33335
1588788921590	mozrunner::runner	INFO	Running command: "/usr/bin/firefox" "-marionette" "-foreground" "-no-remote" "-profile" "/tmp/rust_mozprofileD4xJcs"
1588788921855	addons.xpi	WARN	Can't get modified time of /usr/lib64/firefox/browser/features/aushelper@mozilla.org.xpi
1588788921895	addons.xpi-utils	WARN	addMetadata: Add-on aushelper@mozilla.org is invalid: [Exception... "Component returned failure code: 0x80520006 (NS_ERROR_FILE_TARGET_DOES_NOT_EXIST) [nsIFile.isFile]"  nsresult: "0x80520006 (NS_ERROR_FILE_TARGET_DOES_NOT_EXIST)"  location: "JS frame :: resource://gre/modules/addons/XPIInstall.jsm :: get :: line 227"  data: no] Stack trace: get()@resource://gre/modules/addons/XPIInstall.jsm:227
loadManifestFromFile()@resource://gre/modules/addons/XPIInstall.jsm:856
syncLoadManifestFromFile()@resource://gre/modules/addons/XPIInstall.jsm:870
addMetadata()@resource://gre/modules/addons/XPIDatabase.jsm:2395
processFileChanges()@resource://gre/modules/addons/XPIDatabase.jsm:2736
checkForChanges()@resource://gre/modules/addons/XPIProvider.jsm:2556
startup()@resource://gre/modules/addons/XPIProvider.jsm:2134
callProvider()@resource://gre/modules/AddonManager.jsm:206
_startProvider()@resource://gre/modules/AddonManager.jsm:654
startup()@resource://gre/modules/AddonManager.jsm:807
startup()@resource://gre/modules/AddonManager.jsm:2802
observe()@jar:file:///usr/lib64/firefox/omni.ja!/components/addonManager.js:66
1588788921896	addons.xpi-utils	WARN	Could not uninstall invalid item from locked install location
1588788923320	addons.xpi	WARN	Can't get modified time of /usr/lib64/firefox/browser/features/aushelper@mozilla.org.xpi
1588788923660	Marionette	INFO	Listening on port 39255
1588788923703	Marionette	WARN	TLS certificate errors will be ignored for this session

(/usr/lib64/firefox/firefox:25298): dconf-WARNING **: Unable to open /var/lib/flatpak/exports/share/dconf/profile/user: Permission denied
console.error: "Tried to send a 'tabDetached' event on an already destroyed actor 'frameTarget'"
[Parent 25153, Gecko_IOThread] WARNING: pipe error (59): Connection reset by peer: file /builddir/build/BUILD/firefox-63.0.3/ipc/chromium/src/chrome/common/ipc_channel_posix.cc, line 356
[Parent 25153, Gecko_IOThread] WARNING: pipe error (79): Connection reset by peer: file /builddir/build/BUILD/firefox-63.0.3/ipc/chromium/src/chrome/common/ipc_channel_posix.cc, line 356
1588788963808	Marionette	INFO	Stopped listening on port 39255
1588788985861	mozrunner::runner	INFO	Running command: "/usr/bin/firefox" "-marionette" "-foreground" "-no-remote" "-profile" "/tmp/rust_mozprofile85DNeL"
1588788986126	addons.xpi	WARN	Can't get modified time of /usr/lib64/firefox/browser/features/aushelper@mozilla.org.xpi
1588788986166	addons.xpi-utils	WARN	addMetadata: Add-on aushelper@mozilla.org is invalid: [Exception... "Component returned failure code: 0x80520006 (NS_ERROR_FILE_TARGET_DOES_NOT_EXIST) [nsIFile.isFile]"  nsresult: "0x80520006 (NS_ERROR_FILE_TARGET_DOES_NOT_EXIST)"  location: "JS frame :: resource://gre/modules/addons/XPIInstall.jsm :: get :: line 227"  data: no] Stack trace: get()@resource://gre/modules/addons/XPIInstall.jsm:227
loadManifestFromFile()@resource://gre/modules/addons/XPIInstall.jsm:856
syncLoadManifestFromFile()@resource://gre/modules/addons/XPIInstall.jsm:870
addMetadata()@resource://gre/modules/addons/XPIDatabase.jsm:2395
processFileChanges()@resource://gre/modules/addons/XPIDatabase.jsm:2736
checkForChanges()@resource://gre/modules/addons/XPIProvider.jsm:2556
startup()@resource://gre/modules/addons/XPIProvider.jsm:2134
callProvider()@resource://gre/modules/AddonManager.jsm:206
_startProvider()@resource://gre/modules/AddonManager.jsm:654
startup()@resource://gre/modules/AddonManager.jsm:807
startup()@resource://gre/modules/AddonManager.jsm:2802
observe()@jar:file:///usr/lib64/firefox/omni.ja!/components/addonManager.js:66
1588788986167	addons.xpi-utils	WARN	Could not uninstall invalid item from locked install location
1588788987590	addons.xpi	WARN	Can't get modified time of /usr/lib64/firefox/browser/features/aushelper@mozilla.org.xpi
1588788987794	Marionette	INFO	Listening on port 36985
1588788987874	Marionette	WARN	TLS certificate errors will be ignored for this session

(/usr/lib64/firefox/firefox:25619): dconf-WARNING **: Unable to open /var/lib/flatpak/exports/share/dconf/profile/user: Permission denied
1588789008503	Marionette	INFO	Stopped listening on port 36985
1588789418044	mozrunner::runner	INFO	Running command: "/usr/bin/firefox" "-marionette" "-foreground" "-no-remote" "-profile" "/tmp/rust_mozprofiler8wRg5"
1588789418319	addons.xpi	WARN	Can't get modified time of /usr/lib64/firefox/browser/features/aushelper@mozilla.org.xpi
1588789418359	addons.xpi-utils	WARN	addMetadata: Add-on aushelper@mozilla.org is invalid: [Exception... "Component returned failure code: 0x80520006 (NS_ERROR_FILE_TARGET_DOES_NOT_EXIST) [nsIFile.isFile]"  nsresult: "0x80520006 (NS_ERROR_FILE_TARGET_DOES_NOT_EXIST)"  location: "JS frame :: resource://gre/modules/addons/XPIInstall.jsm :: get :: line 227"  data: no] Stack trace: get()@resource://gre/modules/addons/XPIInstall.jsm:227
loadManifestFromFile()@resource://gre/modules/addons/XPIInstall.jsm:856
syncLoadManifestFromFile()@resource://gre/modules/addons/XPIInstall.jsm:870
addMetadata()@resource://gre/modules/addons/XPIDatabase.jsm:2395
processFileChanges()@resource://gre/modules/addons/XPIDatabase.jsm:2736
checkForChanges()@resource://gre/modules/addons/XPIProvider.jsm:2556
startup()@resource://gre/modules/addons/XPIProvider.jsm:2134
callProvider()@resource://gre/modules/AddonManager.jsm:206
_startProvider()@resource://gre/modules/AddonManager.jsm:654
startup()@resource://gre/modules/AddonManager.jsm:807
startup()@resource://gre/modules/AddonManager.jsm:2802
observe()@jar:file:///usr/lib64/firefox/omni.ja!/components/addonManager.js:66
1588789418360	addons.xpi-utils	WARN	Could not uninstall invalid item from locked install location
1588789419766	addons.xpi	WARN	Can't get modified time of /usr/lib64/firefox/browser/features/aushelper@mozilla.org.xpi
1588789420115	Marionette	INFO	Listening on port 41413
1588789420153	Marionette	WARN	TLS certificate errors will be ignored for this session

(/usr/lib64/firefox/firefox:26219): dconf-WARNING **: Unable to open /var/lib/flatpak/exports/share/dconf/profile/user: Permission denied
1588789425345	Marionette	INFO	Stopped listening on port 41413
[Parent 26079, Gecko_IOThread] WARNING: pipe error (87): Connection reset by peer: file /builddir/build/BUILD/firefox-63.0.3/ipc/chromium/src/chrome/common/ipc_channel_posix.cc, line 356
1588789431686	mozrunner::runner	INFO	Running command: "/usr/bin/firefox" "-marionette" "-foreground" "-no-remote" "-profile" "/tmp/rust_mozprofilebkn8AF"
1588789431952	addons.xpi	WARN	Can't get modified time of /usr/lib64/firefox/browser/features/aushelper@mozilla.org.xpi
1588789431992	addons.xpi-utils	WARN	addMetadata: Add-on aushelper@mozilla.org is invalid: [Exception... "Component returned failure code: 0x80520006 (NS_ERROR_FILE_TARGET_DOES_NOT_EXIST) [nsIFile.isFile]"  nsresult: "0x80520006 (NS_ERROR_FILE_TARGET_DOES_NOT_EXIST)"  location: "JS frame :: resource://gre/modules/addons/XPIInstall.jsm :: get :: line 227"  data: no] Stack trace: get()@resource://gre/modules/addons/XPIInstall.jsm:227
loadManifestFromFile()@resource://gre/modules/addons/XPIInstall.jsm:856
syncLoadManifestFromFile()@resource://gre/modules/addons/XPIInstall.jsm:870
addMetadata()@resource://gre/modules/addons/XPIDatabase.jsm:2395
processFileChanges()@resource://gre/modules/addons/XPIDatabase.jsm:2736
checkForChanges()@resource://gre/modules/addons/XPIProvider.jsm:2556
startup()@resource://gre/modules/addons/XPIProvider.jsm:2134
callProvider()@resource://gre/modules/AddonManager.jsm:206
_startProvider()@resource://gre/modules/AddonManager.jsm:654
startup()@resource://gre/modules/AddonManager.jsm:807
startup()@resource://gre/modules/AddonManager.jsm:2802
observe()@jar:file:///usr/lib64/firefox/omni.ja!/components/addonManager.js:66
1588789431993	addons.xpi-utils	WARN	Could not uninstall invalid item from locked install location
1588789433503	addons.xpi	WARN	Can't get modified time of /usr/lib64/firefox/browser/features/aushelper@mozilla.org.xpi
1588789433742	Marionette	INFO	Listening on port 36935
1588789433805	Marionette	WARN	TLS certificate errors will be ignored for this session

(/usr/lib64/firefox/firefox:26505): dconf-WARNING **: Unable to open /var/lib/flatpak/exports/share/dconf/profile/user: Permission denied
1588789439018	Marionette	INFO	Stopped listening on port 36935
1588789441989	mozrunner::runner	INFO	Running command: "/usr/bin/firefox" "-marionette" "-foreground" "-no-remote" "-profile" "/tmp/rust_mozprofileuNqx1K"
1588789442256	addons.xpi	WARN	Can't get modified time of /usr/lib64/firefox/browser/features/aushelper@mozilla.org.xpi
1588789442296	addons.xpi-utils	WARN	addMetadata: Add-on aushelper@mozilla.org is invalid: [Exception... "Component returned failure code: 0x80520006 (NS_ERROR_FILE_TARGET_DOES_NOT_EXIST) [nsIFile.isFile]"  nsresult: "0x80520006 (NS_ERROR_FILE_TARGET_DOES_NOT_EXIST)"  location: "JS frame :: resource://gre/modules/addons/XPIInstall.jsm :: get :: line 227"  data: no] Stack trace: get()@resource://gre/modules/addons/XPIInstall.jsm:227
loadManifestFromFile()@resource://gre/modules/addons/XPIInstall.jsm:856
syncLoadManifestFromFile()@resource://gre/modules/addons/XPIInstall.jsm:870
addMetadata()@resource://gre/modules/addons/XPIDatabase.jsm:2395
processFileChanges()@resource://gre/modules/addons/XPIDatabase.jsm:2736
checkForChanges()@resource://gre/modules/addons/XPIProvider.jsm:2556
startup()@resource://gre/modules/addons/XPIProvider.jsm:2134
callProvider()@resource://gre/modules/AddonManager.jsm:206
_startProvider()@resource://gre/modules/AddonManager.jsm:654
startup()@resource://gre/modules/AddonManager.jsm:807
startup()@resource://gre/modules/AddonManager.jsm:2802
observe()@jar:file:///usr/lib64/firefox/omni.ja!/components/addonManager.js:66
1588789442297	addons.xpi-utils	WARN	Could not uninstall invalid item from locked install location
1588789443682	addons.xpi	WARN	Can't get modified time of /usr/lib64/firefox/browser/features/aushelper@mozilla.org.xpi
1588789444039	Marionette	INFO	Listening on port 38855
1588789444102	Marionette	WARN	TLS certificate errors will be ignored for this session

(/usr/lib64/firefox/firefox:26792): dconf-WARNING **: Unable to open /var/lib/flatpak/exports/share/dconf/profile/user: Permission denied
1588789449314	Marionette	INFO	Stopped listening on port 38855
[Parent 26643, Gecko_IOThread] WARNING: pipe error (79): Connection reset by peer: file /builddir/build/BUILD/firefox-63.0.3/ipc/chromium/src/chrome/common/ipc_channel_posix.cc, line 356
[Parent 26643, Gecko_IOThread] WARNING: pipe error (85): Connection reset by peer: file /builddir/build/BUILD/firefox-63.0.3/ipc/chromium/src/chrome/common/ipc_channel_posix.cc, line 356
1588789476057	mozrunner::runner	INFO	Running command: "/usr/bin/firefox" "-marionette" "-foreground" "-no-remote" "-profile" "/tmp/rust_mozprofile5ld6TL"
1588789476354	addons.xpi	WARN	Can't get modified time of /usr/lib64/firefox/browser/features/aushelper@mozilla.org.xpi
1588789476393	addons.xpi-utils	WARN	addMetadata: Add-on aushelper@mozilla.org is invalid: [Exception... "Component returned failure code: 0x80520006 (NS_ERROR_FILE_TARGET_DOES_NOT_EXIST) [nsIFile.isFile]"  nsresult: "0x80520006 (NS_ERROR_FILE_TARGET_DOES_NOT_EXIST)"  location: "JS frame :: resource://gre/modules/addons/XPIInstall.jsm :: get :: line 227"  data: no] Stack trace: get()@resource://gre/modules/addons/XPIInstall.jsm:227
loadManifestFromFile()@resource://gre/modules/addons/XPIInstall.jsm:856
syncLoadManifestFromFile()@resource://gre/modules/addons/XPIInstall.jsm:870
addMetadata()@resource://gre/modules/addons/XPIDatabase.jsm:2395
processFileChanges()@resource://gre/modules/addons/XPIDatabase.jsm:2736
checkForChanges()@resource://gre/modules/addons/XPIProvider.jsm:2556
startup()@resource://gre/modules/addons/XPIProvider.jsm:2134
callProvider()@resource://gre/modules/AddonManager.jsm:206
_startProvider()@resource://gre/modules/AddonManager.jsm:654
startup()@resource://gre/modules/AddonManager.jsm:807
startup()@resource://gre/modules/AddonManager.jsm:2802
observe()@jar:file:///usr/lib64/firefox/omni.ja!/components/addonManager.js:66
1588789476394	addons.xpi-utils	WARN	Could not uninstall invalid item from locked install location
1588789477818	addons.xpi	WARN	Can't get modified time of /usr/lib64/firefox/browser/features/aushelper@mozilla.org.xpi
1588789478021	Marionette	INFO	Listening on port 33447
1588789478096	Marionette	WARN	TLS certificate errors will be ignored for this session

(/usr/lib64/firefox/firefox:27189): dconf-WARNING **: Unable to open /var/lib/flatpak/exports/share/dconf/profile/user: Permission denied
1588789483408	Marionette	INFO	Stopped listening on port 33447
[Parent 27043, Gecko_IOThread] WARNING: pipe error (79): Connection reset by peer: file /builddir/build/BUILD/firefox-63.0.3/ipc/chromium/src/chrome/common/ipc_channel_posix.cc, line 356
[Parent 27043, Gecko_IOThread] WARNING: pipe error (82): Connection reset by peer: file /builddir/build/BUILD/firefox-63.0.3/ipc/chromium/src/chrome/common/ipc_channel_posix.cc, line 356
1588789498689	mozrunner::runner	INFO	Running command: "/usr/bin/firefox" "-marionette" "-foreground" "-no-remote" "-profile" "/tmp/rust_mozprofilelN04Cj"
1588789498959	addons.xpi	WARN	Can't get modified time of /usr/lib64/firefox/browser/features/aushelper@mozilla.org.xpi
1588789498999	addons.xpi-utils	WARN	addMetadata: Add-on aushelper@mozilla.org is invalid: [Exception... "Component returned failure code: 0x80520006 (NS_ERROR_FILE_TARGET_DOES_NOT_EXIST) [nsIFile.isFile]"  nsresult: "0x80520006 (NS_ERROR_FILE_TARGET_DOES_NOT_EXIST)"  location: "JS frame :: resource://gre/modules/addons/XPIInstall.jsm :: get :: line 227"  data: no] Stack trace: get()@resource://gre/modules/addons/XPIInstall.jsm:227
loadManifestFromFile()@resource://gre/modules/addons/XPIInstall.jsm:856
syncLoadManifestFromFile()@resource://gre/modules/addons/XPIInstall.jsm:870
addMetadata()@resource://gre/modules/addons/XPIDatabase.jsm:2395
processFileChanges()@resource://gre/modules/addons/XPIDatabase.jsm:2736
checkForChanges()@resource://gre/modules/addons/XPIProvider.jsm:2556
startup()@resource://gre/modules/addons/XPIProvider.jsm:2134
callProvider()@resource://gre/modules/AddonManager.jsm:206
_startProvider()@resource://gre/modules/AddonManager.jsm:654
startup()@resource://gre/modules/AddonManager.jsm:807
startup()@resource://gre/modules/AddonManager.jsm:2802
observe()@jar:file:///usr/lib64/firefox/omni.ja!/components/addonManager.js:66
1588789499001	addons.xpi-utils	WARN	Could not uninstall invalid item from locked install location
1588789500391	addons.xpi	WARN	Can't get modified time of /usr/lib64/firefox/browser/features/aushelper@mozilla.org.xpi
1588789500601	Marionette	INFO	Listening on port 44673
1588789500698	Marionette	WARN	TLS certificate errors will be ignored for this session

(/usr/lib64/firefox/firefox:27467): dconf-WARNING **: Unable to open /var/lib/flatpak/exports/share/dconf/profile/user: Permission denied
1588789509576	Marionette	INFO	Stopped listening on port 44673
[Parent 27320, Gecko_IOThread] WARNING: pipe error (79): Connection reset by peer: file /builddir/build/BUILD/firefox-63.0.3/ipc/chromium/src/chrome/common/ipc_channel_posix.cc, line 356
