1588682084448	mozrunner::runner	INFO	Running command: "/usr/bin/firefox" "-marionette" "-foreground" "-no-remote" "-profile" "/tmp/rust_mozprofilew2TdNl"
1588682084781	addons.xpi	WARN	Can't get modified time of /usr/lib64/firefox/browser/features/aushelper@mozilla.org.xpi
1588682084831	addons.xpi-utils	WARN	addMetadata: Add-on aushelper@mozilla.org is invalid: [Exception... "Component returned failure code: 0x80520006 (NS_ERROR_FILE_TARGET_DOES_NOT_EXIST) [nsIFile.isFile]"  nsresult: "0x80520006 (NS_ERROR_FILE_TARGET_DOES_NOT_EXIST)"  location: "JS frame :: resource://gre/modules/addons/XPIInstall.jsm :: get :: line 227"  data: no] Stack trace: get()@resource://gre/modules/addons/XPIInstall.jsm:227
loadManifestFromFile()@resource://gre/modules/addons/XPIInstall.jsm:856
syncLoadManifestFromFile()@resource://gre/modules/addons/XPIInstall.jsm:870
addMetadata()@resource://gre/modules/addons/XPIDatabase.jsm:2395
processFileChanges()@resource://gre/modules/addons/XPIDatabase.jsm:2736
checkForChanges()@resource://gre/modules/addons/XPIProvider.jsm:2556
startup()@resource://gre/modules/addons/XPIProvider.jsm:2134
callProvider()@resource://gre/modules/AddonManager.jsm:206
_startProvider()@resource://gre/modules/AddonManager.jsm:654
startup()@resource://gre/modules/AddonManager.jsm:807
startup()@resource://gre/modules/AddonManager.jsm:2802
observe()@jar:file:///usr/lib64/firefox/omni.ja!/components/addonManager.js:66
1588682084833	addons.xpi-utils	WARN	Could not uninstall invalid item from locked install location
1588682086604	addons.xpi	WARN	Can't get modified time of /usr/lib64/firefox/browser/features/aushelper@mozilla.org.xpi
1588682087009	Marionette	INFO	Listening on port 45535
1588682087066	Marionette	WARN	TLS certificate errors will be ignored for this session

(/usr/lib64/firefox/firefox:5218): dconf-WARNING **: Unable to open /var/lib/flatpak/exports/share/dconf/profile/user: Permission denied
1588682094088	Marionette	INFO	Stopped listening on port 45535
[Parent 5073, Gecko_IOThread] WARNING: pipe error (79): Connection reset by peer: file /builddir/build/BUILD/firefox-63.0.3/ipc/chromium/src/chrome/common/ipc_channel_posix.cc, line 356
[Parent 5073, Gecko_IOThread] WARNING: pipe error (85): Connection reset by peer: file /builddir/build/BUILD/firefox-63.0.3/ipc/chromium/src/chrome/common/ipc_channel_posix.cc, line 356
1588682665150	mozrunner::runner	INFO	Running command: "/usr/bin/firefox" "-marionette" "-foreground" "-no-remote" "-profile" "/tmp/rust_mozprofilexJSF74"
1588682665458	addons.xpi	WARN	Can't get modified time of /usr/lib64/firefox/browser/features/aushelper@mozilla.org.xpi
1588682665505	addons.xpi-utils	WARN	addMetadata: Add-on aushelper@mozilla.org is invalid: [Exception... "Component returned failure code: 0x80520006 (NS_ERROR_FILE_TARGET_DOES_NOT_EXIST) [nsIFile.isFile]"  nsresult: "0x80520006 (NS_ERROR_FILE_TARGET_DOES_NOT_EXIST)"  location: "JS frame :: resource://gre/modules/addons/XPIInstall.jsm :: get :: line 227"  data: no] Stack trace: get()@resource://gre/modules/addons/XPIInstall.jsm:227
loadManifestFromFile()@resource://gre/modules/addons/XPIInstall.jsm:856
syncLoadManifestFromFile()@resource://gre/modules/addons/XPIInstall.jsm:870
addMetadata()@resource://gre/modules/addons/XPIDatabase.jsm:2395
processFileChanges()@resource://gre/modules/addons/XPIDatabase.jsm:2736
checkForChanges()@resource://gre/modules/addons/XPIProvider.jsm:2556
startup()@resource://gre/modules/addons/XPIProvider.jsm:2134
callProvider()@resource://gre/modules/AddonManager.jsm:206
_startProvider()@resource://gre/modules/AddonManager.jsm:654
startup()@resource://gre/modules/AddonManager.jsm:807
startup()@resource://gre/modules/AddonManager.jsm:2802
observe()@jar:file:///usr/lib64/firefox/omni.ja!/components/addonManager.js:66
1588682665507	addons.xpi-utils	WARN	Could not uninstall invalid item from locked install location
1588682667329	addons.xpi	WARN	Can't get modified time of /usr/lib64/firefox/browser/features/aushelper@mozilla.org.xpi
1588682667661	Marionette	INFO	Listening on port 35953
1588682667762	Marionette	WARN	TLS certificate errors will be ignored for this session

(/usr/lib64/firefox/firefox:6032): dconf-WARNING **: Unable to open /var/lib/flatpak/exports/share/dconf/profile/user: Permission denied
1588682676450	Marionette	INFO	Stopped listening on port 35953
[Parent 5884, Gecko_IOThread] WARNING: pipe error (79): Connection reset by peer: file /builddir/build/BUILD/firefox-63.0.3/ipc/chromium/src/chrome/common/ipc_channel_posix.cc, line 356
